[2024-04-20 14:43:09,527][line: 35] ==> creating ../cache/logs/2024-04-20-14-43.log
[2024-04-20 14:43:09,528][line: 93] ==> C:/PLMs/bert-base-chinese
[2024-04-20 14:43:09,528][line: 94] ==> EPOCH = 20; LR = 1e-05
[2024-04-20 14:43:10,294][line: 31] ==> Train batch size = 4
[2024-04-20 14:43:10,294][line: 32] ==> Total steps = 500
[2024-04-20 14:43:10,294][line: 33] ==> Training Start!
[2024-04-20 14:43:10,294][line: 34] ==> 
[2024-04-20 14:43:19,816][line: 57] ==> ==== Epoch:[1/20] score_dict = {'acc': 0.3, 'f1': 0.3, 'qwk': 0.9056603773584906} | score = 0.42113 | best-score = 0.42113 ====
[2024-04-20 14:43:19,822][line: 59] ==> 
[2024-04-20 14:43:27,035][line: 57] ==> ==== Epoch:[2/20] score_dict = {'acc': 0.4, 'f1': 0.4000000000000001, 'qwk': 0.9081632653061225} | score = 0.50163 | best-score = 0.50163 ====
[2024-04-20 14:43:27,035][line: 59] ==> 
[2024-04-20 14:43:34,256][line: 57] ==> ==== Epoch:[3/20] score_dict = {'acc': 0.5, 'f1': 0.5, 'qwk': 0.9390243902439024} | score = 0.58780 | best-score = 0.58780 ====
[2024-04-20 14:43:34,256][line: 59] ==> 
[2024-04-20 14:43:41,493][line: 57] ==> ==== Epoch:[4/20] score_dict = {'acc': 0.7, 'f1': 0.7, 'qwk': 0.9545454545454546} | score = 0.75091 | best-score = 0.75091 ====
[2024-04-20 14:43:41,493][line: 59] ==> 
[2024-04-20 14:43:48,742][line: 57] ==> ==== Epoch:[5/20] score_dict = {'acc': 0.6, 'f1': 0.6, 'qwk': 0.9459459459459459} | score = 0.66919 | best-score = 0.75091 ====
[2024-04-20 14:43:48,742][line: 59] ==> 
[2024-04-20 14:43:56,014][line: 57] ==> ==== Epoch:[6/20] score_dict = {'acc': 0.4, 'f1': 0.4000000000000001, 'qwk': 0.9333333333333333} | score = 0.50667 | best-score = 0.75091 ====
[2024-04-20 14:43:56,014][line: 59] ==> 
[2024-04-20 14:44:03,296][line: 57] ==> ==== Epoch:[7/20] score_dict = {'acc': 0.5, 'f1': 0.5, 'qwk': 0.9390243902439024} | score = 0.58780 | best-score = 0.75091 ====
[2024-04-20 14:44:03,296][line: 59] ==> 
[2024-04-20 14:44:10,631][line: 57] ==> ==== Epoch:[8/20] score_dict = {'acc': 0.5, 'f1': 0.5, 'qwk': 0.9390243902439024} | score = 0.58780 | best-score = 0.75091 ====
[2024-04-20 14:44:10,631][line: 59] ==> 
[2024-04-20 14:44:17,932][line: 57] ==> ==== Epoch:[9/20] score_dict = {'acc': 0.6, 'f1': 0.6, 'qwk': 0.9459459459459459} | score = 0.66919 | best-score = 0.75091 ====
[2024-04-20 14:44:17,932][line: 59] ==> 
[2024-04-20 14:44:25,238][line: 57] ==> ==== Epoch:[10/20] score_dict = {'acc': 0.6, 'f1': 0.6, 'qwk': 0.9459459459459459} | score = 0.66919 | best-score = 0.75091 ====
[2024-04-20 14:44:25,238][line: 59] ==> 
[2024-04-20 14:44:32,533][line: 57] ==> ==== Epoch:[11/20] score_dict = {'acc': 0.6, 'f1': 0.6, 'qwk': 0.9459459459459459} | score = 0.66919 | best-score = 0.75091 ====
[2024-04-20 14:44:32,533][line: 59] ==> 
[2024-04-20 14:44:39,849][line: 57] ==> ==== Epoch:[12/20] score_dict = {'acc': 0.6, 'f1': 0.6, 'qwk': 0.9459459459459459} | score = 0.66919 | best-score = 0.75091 ====
[2024-04-20 14:44:39,849][line: 59] ==> 
[2024-04-20 14:44:47,190][line: 57] ==> ==== Epoch:[13/20] score_dict = {'acc': 0.6, 'f1': 0.6, 'qwk': 0.9459459459459459} | score = 0.66919 | best-score = 0.75091 ====
[2024-04-20 14:44:47,190][line: 59] ==> 
[2024-04-20 14:44:54,478][line: 57] ==> ==== Epoch:[14/20] score_dict = {'acc': 0.6, 'f1': 0.6, 'qwk': 0.9459459459459459} | score = 0.66919 | best-score = 0.75091 ====
[2024-04-20 14:44:54,478][line: 59] ==> 
[2024-04-20 14:45:01,844][line: 57] ==> ==== Epoch:[15/20] score_dict = {'acc': 0.6, 'f1': 0.6, 'qwk': 0.9459459459459459} | score = 0.66919 | best-score = 0.75091 ====
[2024-04-20 14:45:01,844][line: 59] ==> 
[2024-04-20 14:45:09,394][line: 57] ==> ==== Epoch:[16/20] score_dict = {'acc': 0.6, 'f1': 0.6, 'qwk': 0.9459459459459459} | score = 0.66919 | best-score = 0.75091 ====
[2024-04-20 14:45:09,394][line: 59] ==> 
[2024-04-20 14:45:16,719][line: 57] ==> ==== Epoch:[17/20] score_dict = {'acc': 0.6, 'f1': 0.6, 'qwk': 0.9459459459459459} | score = 0.66919 | best-score = 0.75091 ====
[2024-04-20 14:45:16,719][line: 59] ==> 
[2024-04-20 14:45:24,028][line: 57] ==> ==== Epoch:[18/20] score_dict = {'acc': 0.6, 'f1': 0.6, 'qwk': 0.9459459459459459} | score = 0.66919 | best-score = 0.75091 ====
[2024-04-20 14:45:24,028][line: 59] ==> 
[2024-04-20 14:45:31,414][line: 57] ==> ==== Epoch:[19/20] score_dict = {'acc': 0.6, 'f1': 0.6, 'qwk': 0.9459459459459459} | score = 0.66919 | best-score = 0.75091 ====
[2024-04-20 14:45:31,414][line: 59] ==> 
[2024-04-20 14:45:38,726][line: 57] ==> ==== Epoch:[20/20] score_dict = {'acc': 0.6, 'f1': 0.6, 'qwk': 0.9459459459459459} | score = 0.66919 | best-score = 0.75091 ====
[2024-04-20 14:45:38,726][line: 59] ==> 
[2024-04-20 14:45:38,726][line: 61] ==>    Training Completed!
[2024-04-20 14:45:38,726][line: 62] ==> ==========================
[2024-04-20 14:45:39,441][line: 31] ==> Train batch size = 4
[2024-04-20 14:45:39,441][line: 32] ==> Total steps = 500
[2024-04-20 14:45:39,441][line: 33] ==> Training Start!
[2024-04-20 14:45:39,441][line: 34] ==> 
[2024-04-20 14:45:46,905][line: 57] ==> ==== Epoch:[1/20] score_dict = {'acc': 0.5, 'f1': 0.5, 'qwk': 0.9} | score = 0.58000 | best-score = 0.58000 ====
[2024-04-20 14:45:46,905][line: 59] ==> 
[2024-04-20 14:45:54,243][line: 57] ==> ==== Epoch:[2/20] score_dict = {'acc': 0.6, 'f1': 0.6, 'qwk': 0.9459459459459459} | score = 0.66919 | best-score = 0.66919 ====
[2024-04-20 14:45:54,243][line: 59] ==> 
