[2024-04-20 15:18:46,802][line: 35] ==> creating ../cache/logs/2024-04-20-15-18.log
[2024-04-20 15:18:46,802][line: 94] ==> C:/PLMs/bert-base-chinese
[2024-04-20 15:18:46,802][line: 95] ==> EPOCH = 20; LR = 1e-05
[2024-04-20 15:18:47,569][line: 31] ==> Train batch size = 4
[2024-04-20 15:18:47,569][line: 32] ==> Total steps = 500
[2024-04-20 15:18:47,569][line: 33] ==> Training Start!
[2024-04-20 15:18:47,569][line: 34] ==> 
[2024-04-20 15:18:55,285][line: 57] ==> ==== Epoch:[1/20] score_dict = {'acc': 0.3, 'f1': 0.3, 'qwk': 0.9056603773584906} | score = 0.42113 | best-score = 0.42113 ====
[2024-04-20 15:18:55,286][line: 59] ==> 
[2024-04-20 15:19:00,952][line: 57] ==> ==== Epoch:[2/20] score_dict = {'acc': 0.4, 'f1': 0.4000000000000001, 'qwk': 0.9081632653061225} | score = 0.50163 | best-score = 0.50163 ====
[2024-04-20 15:19:00,953][line: 59] ==> 
[2024-04-20 15:19:06,628][line: 57] ==> ==== Epoch:[3/20] score_dict = {'acc': 0.5, 'f1': 0.5, 'qwk': 0.9390243902439024} | score = 0.58780 | best-score = 0.58780 ====
[2024-04-20 15:19:06,628][line: 59] ==> 
[2024-04-20 15:19:12,314][line: 57] ==> ==== Epoch:[4/20] score_dict = {'acc': 0.7, 'f1': 0.7, 'qwk': 0.9545454545454546} | score = 0.75091 | best-score = 0.75091 ====
[2024-04-20 15:19:12,314][line: 59] ==> 
[2024-04-20 15:19:18,012][line: 57] ==> ==== Epoch:[5/20] score_dict = {'acc': 0.6, 'f1': 0.6, 'qwk': 0.9459459459459459} | score = 0.66919 | best-score = 0.75091 ====
[2024-04-20 15:19:18,013][line: 59] ==> 
[2024-04-20 15:19:23,722][line: 57] ==> ==== Epoch:[6/20] score_dict = {'acc': 0.4, 'f1': 0.4000000000000001, 'qwk': 0.9333333333333333} | score = 0.50667 | best-score = 0.75091 ====
[2024-04-20 15:19:23,722][line: 59] ==> 
[2024-04-20 15:19:29,437][line: 57] ==> ==== Epoch:[7/20] score_dict = {'acc': 0.5, 'f1': 0.5, 'qwk': 0.9390243902439024} | score = 0.58780 | best-score = 0.75091 ====
[2024-04-20 15:19:29,437][line: 59] ==> 
[2024-04-20 15:19:35,158][line: 57] ==> ==== Epoch:[8/20] score_dict = {'acc': 0.5, 'f1': 0.5, 'qwk': 0.9390243902439024} | score = 0.58780 | best-score = 0.75091 ====
[2024-04-20 15:19:35,158][line: 59] ==> 
[2024-04-20 15:19:40,887][line: 57] ==> ==== Epoch:[9/20] score_dict = {'acc': 0.6, 'f1': 0.6, 'qwk': 0.9459459459459459} | score = 0.66919 | best-score = 0.75091 ====
[2024-04-20 15:19:40,887][line: 59] ==> 
[2024-04-20 15:19:46,620][line: 57] ==> ==== Epoch:[10/20] score_dict = {'acc': 0.6, 'f1': 0.6, 'qwk': 0.9459459459459459} | score = 0.66919 | best-score = 0.75091 ====
[2024-04-20 15:19:46,620][line: 59] ==> 
